E, [2015-04-07T19:17:36.041862 #51163] ERROR -- Kitchen: ------Exception-------
E, [2015-04-07T19:17:36.042070 #51163] ERROR -- Kitchen: Class: Kitchen::UserError
E, [2015-04-07T19:17:36.042139 #51163] ERROR -- Kitchen: Message: Error parsing /Users/shayne/Stelligent-demo/chef/kitchen/.kitchen.yml as YAML.
Please run `kitchen diagnose --no-instances --loader' to help debug your issue.
E, [2015-04-07T19:17:36.042191 #51163] ERROR -- Kitchen: ---Nested Exception---
E, [2015-04-07T19:17:36.042238 #51163] ERROR -- Kitchen: Class: Psych::SyntaxError
E, [2015-04-07T19:17:36.042283 #51163] ERROR -- Kitchen: Message: (<unknown>): found a tab character that violate intendation while scanning a plain scalar at line 9 column 11
E, [2015-04-07T19:17:36.042327 #51163] ERROR -- Kitchen: ------Backtrace-------
E, [2015-04-07T19:17:36.042395 #51163] ERROR -- Kitchen: /opt/chefdk/embedded/apps/test-kitchen/lib/kitchen/loader/yaml.rb:343:in `rescue in parse_yaml_string'
E, [2015-04-07T19:17:36.042444 #51163] ERROR -- Kitchen: /opt/chefdk/embedded/apps/test-kitchen/lib/kitchen/loader/yaml.rb:332:in `parse_yaml_string'
E, [2015-04-07T19:17:36.042486 #51163] ERROR -- Kitchen: /opt/chefdk/embedded/apps/test-kitchen/lib/kitchen/loader/yaml.rb:138:in `yaml'
E, [2015-04-07T19:17:36.042512 #51163] ERROR -- Kitchen: /opt/chefdk/embedded/apps/test-kitchen/lib/kitchen/loader/yaml.rb:126:in `combined_hash'
E, [2015-04-07T19:17:36.042536 #51163] ERROR -- Kitchen: /opt/chefdk/embedded/apps/test-kitchen/lib/kitchen/loader/yaml.rb:77:in `read'
E, [2015-04-07T19:17:36.042561 #51163] ERROR -- Kitchen: /opt/chefdk/embedded/apps/test-kitchen/lib/kitchen/config.rb:139:in `data'
E, [2015-04-07T19:17:36.042585 #51163] ERROR -- Kitchen: /opt/chefdk/embedded/apps/test-kitchen/lib/kitchen/config.rb:118:in `suites'
E, [2015-04-07T19:17:36.042609 #51163] ERROR -- Kitchen: /opt/chefdk/embedded/apps/test-kitchen/lib/kitchen/config.rb:169:in `filter_instances'
E, [2015-04-07T19:17:36.042632 #51163] ERROR -- Kitchen: /opt/chefdk/embedded/apps/test-kitchen/lib/kitchen/config.rb:128:in `build_instances'
E, [2015-04-07T19:17:36.042657 #51163] ERROR -- Kitchen: /opt/chefdk/embedded/apps/test-kitchen/lib/kitchen/config.rb:104:in `instances'
E, [2015-04-07T19:17:36.042681 #51163] ERROR -- Kitchen: /opt/chefdk/embedded/apps/test-kitchen/lib/kitchen/command.rb:115:in `filtered_instances'
E, [2015-04-07T19:17:36.042705 #51163] ERROR -- Kitchen: /opt/chefdk/embedded/apps/test-kitchen/lib/kitchen/command.rb:145:in `parse_subcommand'
E, [2015-04-07T19:17:36.042728 #51163] ERROR -- Kitchen: /opt/chefdk/embedded/apps/test-kitchen/lib/kitchen/command/list.rb:32:in `call'
E, [2015-04-07T19:17:36.042752 #51163] ERROR -- Kitchen: /opt/chefdk/embedded/apps/test-kitchen/lib/kitchen/cli.rb:56:in `perform'
E, [2015-04-07T19:17:36.042776 #51163] ERROR -- Kitchen: /opt/chefdk/embedded/apps/test-kitchen/lib/kitchen/cli.rb:97:in `list'
E, [2015-04-07T19:17:36.042800 #51163] ERROR -- Kitchen: /opt/chefdk/embedded/lib/ruby/gems/2.1.0/gems/thor-0.19.1/lib/thor/command.rb:27:in `run'
E, [2015-04-07T19:17:36.042824 #51163] ERROR -- Kitchen: /opt/chefdk/embedded/lib/ruby/gems/2.1.0/gems/thor-0.19.1/lib/thor/invocation.rb:126:in `invoke_command'
E, [2015-04-07T19:17:36.042848 #51163] ERROR -- Kitchen: /opt/chefdk/embedded/apps/test-kitchen/lib/kitchen/cli.rb:304:in `invoke_task'
E, [2015-04-07T19:17:36.042872 #51163] ERROR -- Kitchen: /opt/chefdk/embedded/lib/ruby/gems/2.1.0/gems/thor-0.19.1/lib/thor.rb:359:in `dispatch'
E, [2015-04-07T19:17:36.042895 #51163] ERROR -- Kitchen: /opt/chefdk/embedded/lib/ruby/gems/2.1.0/gems/thor-0.19.1/lib/thor/base.rb:440:in `start'
E, [2015-04-07T19:17:36.042931 #51163] ERROR -- Kitchen: /opt/chefdk/embedded/apps/test-kitchen/bin/kitchen:13:in `block in <top (required)>'
E, [2015-04-07T19:17:36.042961 #51163] ERROR -- Kitchen: /opt/chefdk/embedded/apps/test-kitchen/lib/kitchen/errors.rb:154:in `with_friendly_errors'
E, [2015-04-07T19:17:36.042989 #51163] ERROR -- Kitchen: /opt/chefdk/embedded/apps/test-kitchen/bin/kitchen:13:in `<top (required)>'
E, [2015-04-07T19:17:36.043013 #51163] ERROR -- Kitchen: /usr/bin/kitchen:15:in `load'
E, [2015-04-07T19:17:36.043053 #51163] ERROR -- Kitchen: /usr/bin/kitchen:15:in `<main>'
E, [2015-04-07T19:17:36.043078 #51163] ERROR -- Kitchen: ----------------------
I, [2015-04-07T19:20:43.596387 #52005]  INFO -- Kitchen: -----> Starting Kitchen (v1.3.1)
I, [2015-04-07T19:20:44.093044 #52005]  INFO -- Kitchen: -----> Creating <default-centos65>...
I, [2015-04-07T19:26:58.387168 #52005]  INFO -- Kitchen: -----> Kitchen is finished. (6m14.79s)
I, [2015-04-07T21:19:05.757818 #23464]  INFO -- Kitchen: -----> Starting Kitchen (v1.3.1)
I, [2015-04-07T21:19:06.078962 #23464]  INFO -- Kitchen: -----> Creating <default-centos65>...
I, [2015-04-07T21:19:50.369416 #23464]  INFO -- Kitchen: -----> Kitchen is finished. (0m44.61s)
I, [2015-04-07T21:21:14.380603 #24171]  INFO -- Kitchen: -----> Starting Kitchen (v1.3.1)
I, [2015-04-07T21:21:14.695659 #24171]  INFO -- Kitchen: -----> Destroying <default-centos65>...
I, [2015-04-07T21:21:19.051580 #24171]  INFO -- Kitchen: -----> Kitchen is finished. (0m4.67s)
